<?xml version="1.0" encoding="UTF-8"?>
<!-- Generated by org.testng.reporters.JUnitReportReporter -->
<testsuite hostname="WINDOWS-R8SKFHD" failures="0" tests="6" name="com.qa.TestNGScripts.GroupsDemo" time="0.030" errors="0" timestamp="04 Nov 2021 12:21:17 GMT" skipped="0">
  <testcase classname="com.qa.TestNGScripts.GroupsDemo" name="testcase8" time="0.002"/>
  <testcase classname="com.qa.TestNGScripts.GroupsDemo" name="testcase7" time="0.002"/>
  <testcase classname="com.qa.TestNGScripts.GroupsDemo" name="testcase6" time="0.020"/>
  <testcase classname="com.qa.TestNGScripts.GroupsDemo" name="testcase1" time="0.002"/>
  <testcase classname="com.qa.TestNGScripts.GroupsDemo" name="testcase2" time="0.002"/>
  <testcase classname="com.qa.TestNGScripts.GroupsDemo" name="testcase3" time="0.002"/>
</testsuite> <!-- com.qa.TestNGScripts.GroupsDemo -->
