<?xml version="1.0" encoding="UTF-8"?>
<!-- Generated by org.testng.reporters.JUnitReportReporter -->
<testsuite hostname="WINDOWS-R8SKFHD" failures="0" tests="7" name="com.qa.DataDrivenTesting.CreateRediffAccount" time="249.129" errors="0" timestamp="08 Nov 2021 06:16:43 GMT" skipped="0">
  <testcase classname="com.qa.DataDrivenTesting.CreateRediffAccount" name="RediffPageInput" time="35.125"/>
  <testcase classname="com.qa.DataDrivenTesting.CreateRediffAccount" name="RediffPageInput" time="35.109"/>
  <testcase classname="com.qa.DataDrivenTesting.CreateRediffAccount" name="RediffPageInput" time="36.477"/>
  <testcase classname="com.qa.DataDrivenTesting.CreateRediffAccount" name="RediffPageInput" time="36.049"/>
  <testcase classname="com.qa.DataDrivenTesting.CreateRediffAccount" name="RediffPageInput" time="35.900"/>
  <testcase classname="com.qa.DataDrivenTesting.CreateRediffAccount" name="RediffPageInput" time="35.652"/>
  <testcase classname="com.qa.DataDrivenTesting.CreateRediffAccount" name="RediffPageInput" time="34.817"/>
</testsuite> <!-- com.qa.DataDrivenTesting.CreateRediffAccount -->
