<?xml version="1.0" encoding="UTF-8"?>
<!-- Generated by org.testng.reporters.JUnitReportReporter -->
<testsuite hostname="WINDOWS-R8SKFHD" failures="0" tests="1" name="com.qa.actionsClassDemo.DragandDropDemo" time="6.413" errors="0" timestamp="11 Nov 2021 13:15:58 GMT" skipped="0">
  <testcase classname="com.qa.actionsClassDemo.DragandDropDemo" name="DragDropDemo" time="6.413"/>
</testsuite> <!-- com.qa.actionsClassDemo.DragandDropDemo -->
