<?xml version="1.0" encoding="UTF-8"?>
<!-- Generated by org.testng.reporters.JUnitReportReporter -->
<testsuite hostname="WINDOWS-R8SKFHD" failures="0" tests="4" name="com.qa.TestNGScripts.TestAnnotationDemo" time="0.025" errors="0" timestamp="04 Nov 2021 02:02:03 GMT" skipped="0">
  <testcase classname="com.qa.TestNGScripts.TestAnnotationDemo" name="loginPageTest" time="0.017"/>
  <testcase classname="com.qa.TestNGScripts.TestAnnotationDemo" name="createEmailTest" time="0.003"/>
  <testcase classname="com.qa.TestNGScripts.TestAnnotationDemo" name="modifyEmailTest" time="0.002"/>
  <testcase classname="com.qa.TestNGScripts.TestAnnotationDemo" name="DeleteEmailTest" time="0.003"/>
</testsuite> <!-- com.qa.TestNGScripts.TestAnnotationDemo -->
