<?xml version="1.0" encoding="UTF-8"?>
<!-- Generated by org.testng.reporters.JUnitReportReporter -->
<testsuite hostname="WINDOWS-R8SKFHD" failures="0" tests="1" name="com.qa.TestNGScripts.DescriptionDemo" time="10.444" errors="0" timestamp="03 Nov 2021 12:49:02 GMT" skipped="0">
  <testcase classname="com.qa.TestNGScripts.DescriptionDemo" name="HomePageTest" time="10.444"/>
</testsuite> <!-- com.qa.TestNGScripts.DescriptionDemo -->
