<?xml version="1.0" encoding="UTF-8"?>
<!-- Generated by org.testng.reporters.JUnitReportReporter -->
<testsuite hostname="WINDOWS-R8SKFHD" failures="0" tests="2" name="com.qa.TestNGScripts.BeforeandAfterMethod" time="16.627" errors="0" timestamp="04 Nov 2021 07:40:56 GMT" skipped="0">
  <testcase classname="com.qa.TestNGScripts.BeforeandAfterMethod" name="radiobuttonTest" time="8.298"/>
  <testcase classname="com.qa.TestNGScripts.BeforeandAfterMethod" name="checkboxTest" time="8.329"/>
</testsuite> <!-- com.qa.TestNGScripts.BeforeandAfterMethod -->
