<?xml version="1.0" encoding="UTF-8"?>
<!-- Generated by org.testng.reporters.JUnitReportReporter -->
<testsuite hostname="WINDOWS-R8SKFHD" failures="0" tests="2" name="com.qa.TestNGScripts.BeforeandAfterClass" time="4.187" errors="0" timestamp="04 Nov 2021 09:09:00 GMT" skipped="0">
  <testcase classname="com.qa.TestNGScripts.BeforeandAfterClass" name="RadioButtonTest" time="2.104"/>
  <testcase classname="com.qa.TestNGScripts.BeforeandAfterClass" name="Checkboxtest" time="2.083"/>
</testsuite> <!-- com.qa.TestNGScripts.BeforeandAfterClass -->
