<?xml version="1.0" encoding="UTF-8"?>
<!-- Generated by org.testng.reporters.JUnitReportReporter -->
<testsuite hostname="WINDOWS-R8SKFHD" failures="0" tests="3" name="com.qa.TestNGParameters.ParamertizationXML" time="18.981" errors="0" timestamp="04 Nov 2021 13:28:17 GMT" skipped="0">
  <testcase classname="com.qa.TestNGParameters.ParamertizationXML" name="userNameTest" time="5.679"/>
  <testcase classname="com.qa.TestNGParameters.ParamertizationXML" name="userNameTest" time="6.887"/>
  <testcase classname="com.qa.TestNGParameters.ParamertizationXML" name="userNameTest" time="6.415"/>
</testsuite> <!-- com.qa.TestNGParameters.ParamertizationXML -->
