<?xml version="1.0" encoding="UTF-8"?>
<!-- Generated by org.testng.reporters.JUnitReportReporter -->
<testsuite hostname="WINDOWS-R8SKFHD" failures="0" tests="3" name="com.qa.DataDrivenTesting.SimpleScript" time="24.319" errors="0" timestamp="05 Nov 2021 17:48:52 GMT" skipped="0">
  <testcase classname="com.qa.DataDrivenTesting.SimpleScript" name="wikiPageInput" time="8.599"/>
  <testcase classname="com.qa.DataDrivenTesting.SimpleScript" name="wikiPageInput" time="7.909"/>
  <testcase classname="com.qa.DataDrivenTesting.SimpleScript" name="wikiPageInput" time="7.811"/>
</testsuite> <!-- com.qa.DataDrivenTesting.SimpleScript -->
