<?xml version="1.0" encoding="UTF-8"?>
<!-- Generated by org.testng.reporters.JUnitReportReporter -->
<testsuite hostname="WINDOWS-R8SKFHD" failures="0" tests="2" name="com.qa.TestNGScripts.PriorityDemo" time="18.003" errors="0" timestamp="04 Nov 2021 09:09:00 GMT" skipped="0">
  <testcase classname="com.qa.TestNGScripts.PriorityDemo" name="radiobuttonTest" time="9.627"/>
  <testcase classname="com.qa.TestNGScripts.PriorityDemo" name="CheckBoxTest" time="8.376"/>
</testsuite> <!-- com.qa.TestNGScripts.PriorityDemo -->
