<?xml version="1.0" encoding="UTF-8"?>
<!-- Generated by org.testng.reporters.JUnitReportReporter -->
<testsuite hostname="WINDOWS-R8SKFHD" failures="0" tests="6" name="com.qa.DataDrivenTesting.ReadDataTestNG_DataProvider" time="60.122" errors="0" timestamp="05 Nov 2021 17:06:54 GMT" skipped="0">
  <testcase classname="com.qa.DataDrivenTesting.ReadDataTestNG_DataProvider" name="createaccount" time="10.158"/>
  <testcase classname="com.qa.DataDrivenTesting.ReadDataTestNG_DataProvider" name="createaccount" time="9.697"/>
  <testcase classname="com.qa.DataDrivenTesting.ReadDataTestNG_DataProvider" name="createaccount" time="10.917"/>
  <testcase classname="com.qa.DataDrivenTesting.ReadDataTestNG_DataProvider" name="createaccount" time="10.320"/>
  <testcase classname="com.qa.DataDrivenTesting.ReadDataTestNG_DataProvider" name="createaccount" time="10.121"/>
  <testcase classname="com.qa.DataDrivenTesting.ReadDataTestNG_DataProvider" name="createaccount" time="8.909"/>
</testsuite> <!-- com.qa.DataDrivenTesting.ReadDataTestNG_DataProvider -->
