<?xml version="1.0" encoding="UTF-8"?>
<!-- Generated by org.testng.reporters.JUnitReportReporter -->
<testsuite hostname="WINDOWS-R8SKFHD" failures="0" tests="2" name="com.qa.TestNGScripts.GroupsDemo2" time="0.005" errors="0" timestamp="04 Nov 2021 12:21:17 GMT" skipped="0">
  <testcase classname="com.qa.TestNGScripts.GroupsDemo2" name="method4" time="0.002"/>
  <testcase classname="com.qa.TestNGScripts.GroupsDemo2" name="method3" time="0.003"/>
</testsuite> <!-- com.qa.TestNGScripts.GroupsDemo2 -->
