<?xml version="1.0" encoding="UTF-8"?>
<!-- Generated by org.testng.reporters.JUnitReportReporter -->
<testsuite hostname="WINDOWS-R8SKFHD" failures="0" tests="1" name="com.qa.actionsClassDemo.MouseOverDemo" time="11.125" errors="0" timestamp="11 Nov 2021 14:17:39 GMT" skipped="0">
  <testcase classname="com.qa.actionsClassDemo.MouseOverDemo" name="MouseOverActionDemo" time="11.125"/>
</testsuite> <!-- com.qa.actionsClassDemo.MouseOverDemo -->
