<?xml version="1.0" encoding="UTF-8"?>
<!-- Generated by org.testng.reporters.JUnitReportReporter -->
<testsuite hostname="WINDOWS-R8SKFHD" failures="0" tests="1" name="com.qa.WaitTimes.ExplicitWaitDemo" time="6.905" errors="0" timestamp="10 Nov 2021 10:20:48 GMT" skipped="0">
  <testcase classname="com.qa.WaitTimes.ExplicitWaitDemo" name="waitTimeDemo" time="6.905"/>
</testsuite> <!-- com.qa.WaitTimes.ExplicitWaitDemo -->
