<?xml version="1.0" encoding="UTF-8"?>
<!-- Generated by org.testng.reporters.JUnitReportReporter -->
<testsuite hostname="WINDOWS-R8SKFHD" failures="0" tests="1" name="com.qa.DataDrivenTesting.Create_Rediff_Account_PTC" time="0.007" errors="0" timestamp="06 Nov 2021 08:34:34 GMT" skipped="0">
  <testcase classname="com.qa.DataDrivenTesting.Create_Rediff_Account_PTC" name="createaccount" time="0.007"/>
</testsuite> <!-- com.qa.DataDrivenTesting.Create_Rediff_Account_PTC -->
